<?xml version="1.0" encoding="UTF-8"?>
<!-- Generated by org.testng.reporters.JUnitReportReporter -->
<testsuite skipped="0" hostname="sunit-PC" name="StepDefinitions.Runner" tests="1" failures="0" timestamp="05 Apr 2019 10:52:44 GMT" time="37.263" errors="0">
  <testcase name="feature" time="37.263" classname="StepDefinitions.Runner"/>
</testsuite> <!-- StepDefinitions.Runner -->
