<?xml version="1.0" encoding="UTF-8"?>
<!-- Generated by org.testng.reporters.JUnitReportReporter -->
<testsuite skipped="1" hostname="sunit-PC" name="StepDefinitions.Runner" tests="1" failures="0" timestamp="25 Mar 2019 11:15:48 GMT" time="0.000" errors="0">
  <testcase name="feature" time="0.000" classname="StepDefinitions.Runner">
    <skipped/>
  </testcase> <!-- feature -->
</testsuite> <!-- StepDefinitions.Runner -->
